# JRE version: OpenJDK Runtime Environment (11.0.10) (build 11.0.10+0-b96-7249189)
# Java VM: OpenJDK 64-Bit Server VM (11.0.10+0-b96-7249189, mixed mode, tiered, compressed oops, g1 gc, windows-amd64)
Heap:
 garbage-first heap   total 157696K, used 42496K [0x0000000080000000, 0x0000000100000000)
  region size 1024K, 24 young (24576K), 9 survivors (9216K)
 Metaspace       used 42522K, capacity 43486K, committed 43724K, reserved 1087488K
  class space    used 5382K, capacity 5739K, committed 5836K, reserved 1048576K
GC Heap History (18 events):
Event: 0.796 GC heap before
{Heap before GC invocations=0 (full 0):
 garbage-first heap   total 131072K, used 19456K [0x0000000080000000, 0x0000000100000000)
  region size 1024K, 14 young (14336K), 0 survivors (0K)
 Metaspace       used 6750K, capacity 6937K, committed 7168K, reserved 1056768K
  class space    used 584K, capacity 650K, committed 768K, reserved 1048576K
}
Event: 0.801 GC heap after
{Heap after GC invocations=1 (full 0):
 garbage-first heap   total 131072K, used 7886K [0x0000000080000000, 0x0000000100000000)
  region size 1024K, 2 young (2048K), 2 survivors (2048K)
 Metaspace       used 6750K, capacity 6937K, committed 7168K, reserved 1056768K
  class space    used 584K, capacity 650K, committed 768K, reserved 1048576K
}
Event: 1.193 GC heap before
{Heap before GC invocations=1 (full 0):
 garbage-first heap   total 131072K, used 18126K [0x0000000080000000, 0x0000000100000000)
  region size 1024K, 12 young (12288K), 2 survivors (2048K)
 Metaspace       used 10212K, capacity 10439K, committed 10624K, reserved 1058816K
  class space    used 1063K, capacity 1141K, committed 1152K, reserved 1048576K
}
Event: 1.197 GC heap after
{Heap after GC invocations=2 (full 0):
 garbage-first heap   total 131072K, used 9180K [0x0000000080000000, 0x0000000100000000)
  region size 1024K, 2 young (2048K), 2 survivors (2048K)
 Metaspace       used 10212K, capacity 10439K, committed 10624K, reserved 1058816K
  class space    used 1063K, capacity 1141K, committed 1152K, reserved 1048576K
}
Event: 1.715 GC heap before
{Heap before GC invocations=2 (full 0):
 garbage-first heap   total 131072K, used 38876K [0x0000000080000000, 0x0000000100000000)
  region size 1024K, 31 young (31744K), 2 survivors (2048K)
 Metaspace       used 11168K, capacity 11456K, committed 11520K, reserved 1058816K
  class space    used 1167K, capacity 1245K, committed 1280K, reserved 1048576K
}
Event: 1.719 GC heap after
{Heap after GC invocations=3 (full 0):
 garbage-first heap   total 131072K, used 12633K [0x0000000080000000, 0x0000000100000000)
  region size 1024K, 4 young (4096K), 4 survivors (4096K)
 Metaspace       used 11168K, capacity 11456K, committed 11520K, reserved 1058816K
  class space    used 1167K, capacity 1245K, committed 1280K, reserved 1048576K
}
Event: 3.359 GC heap before
{Heap before GC invocations=3 (full 0):
 garbage-first heap   total 131072K, used 71001K [0x0000000080000000, 0x0000000100000000)
  region size 1024K, 62 young (63488K), 4 survivors (4096K)
 Metaspace       used 19328K, capacity 19801K, committed 19968K, reserved 1067008K
  class space    used 2349K, capacity 2506K, committed 2560K, reserved 1048576K
}
Event: 3.384 GC heap after
{Heap after GC invocations=4 (full 0):
 garbage-first heap   total 131072K, used 16134K [0x0000000080000000, 0x0000000100000000)
  region size 1024K, 8 young (8192K), 8 survivors (8192K)
 Metaspace       used 19328K, capacity 19801K, committed 19968K, reserved 1067008K
  class space    used 2349K, capacity 2506K, committed 2560K, reserved 1048576K
}
Event: 3.552 GC heap before
{Heap before GC invocations=4 (full 0):
 garbage-first heap   total 131072K, used 23302K [0x0000000080000000, 0x0000000100000000)
  region size 1024K, 16 young (16384K), 8 survivors (8192K)
 Metaspace       used 20618K, capacity 21104K, committed 21248K, reserved 1067008K
  class space    used 2508K, capacity 2690K, committed 2816K, reserved 1048576K
}
Event: 3.561 GC heap after
{Heap after GC invocations=5 (full 0):
 garbage-first heap   total 131072K, used 16968K [0x0000000080000000, 0x0000000100000000)
  region size 1024K, 1 young (1024K), 1 survivors (1024K)
 Metaspace       used 20618K, capacity 21104K, committed 21248K, reserved 1067008K
  class space    used 2508K, capacity 2690K, committed 2816K, reserved 1048576K
}
Event: 4.443 GC heap before
{Heap before GC invocations=6 (full 0):
 garbage-first heap   total 131072K, used 64072K [0x0000000080000000, 0x0000000100000000)
  region size 1024K, 47 young (48128K), 1 survivors (1024K)
 Metaspace       used 25442K, capacity 26110K, committed 26368K, reserved 1073152K
  class space    used 3305K, capacity 3534K, committed 3584K, reserved 1048576K
}
Event: 4.449 GC heap after
{Heap after GC invocations=7 (full 0):
 garbage-first heap   total 157696K, used 18231K [0x0000000080000000, 0x0000000100000000)
  region size 1024K, 3 young (3072K), 3 survivors (3072K)
 Metaspace       used 25442K, capacity 26110K, committed 26368K, reserved 1073152K
  class space    used 3305K, capacity 3534K, committed 3584K, reserved 1048576K
}
Event: 5.617 GC heap before
{Heap before GC invocations=7 (full 0):
 garbage-first heap   total 157696K, used 79671K [0x0000000080000000, 0x0000000100000000)
  region size 1024K, 63 young (64512K), 3 survivors (3072K)
 Metaspace       used 34316K, capacity 35051K, committed 35200K, reserved 1079296K
  class space    used 4458K, capacity 4730K, committed 4736K, reserved 1048576K
}
Event: 5.625 GC heap after
{Heap after GC invocations=8 (full 0):
 garbage-first heap   total 157696K, used 21696K [0x0000000080000000, 0x0000000100000000)
  region size 1024K, 6 young (6144K), 6 survivors (6144K)
 Metaspace       used 34316K, capacity 35051K, committed 35200K, reserved 1079296K
  class space    used 4458K, capacity 4730K, committed 4736K, reserved 1048576K
}
Event: 5.715 GC heap before
{Heap before GC invocations=8 (full 0):
 garbage-first heap   total 157696K, used 23744K [0x0000000080000000, 0x0000000100000000)
  region size 1024K, 10 young (10240K), 6 survivors (6144K)
 Metaspace       used 35090K, capacity 35838K, committed 35840K, reserved 1081344K
  class space    used 4544K, capacity 4864K, committed 4864K, reserved 1048576K
}
Event: 5.728 GC heap after
{Heap after GC invocations=9 (full 0):
 garbage-first heap   total 157696K, used 21836K [0x0000000080000000, 0x0000000100000000)
  region size 1024K, 4 young (4096K), 4 survivors (4096K)
 Metaspace       used 35090K, capacity 35838K, committed 35840K, reserved 1081344K
  class space    used 4544K, capacity 4864K, committed 4864K, reserved 1048576K
}
Event: 7.336 GC heap before
{Heap before GC invocations=10 (full 0):
 garbage-first heap   total 157696K, used 96588K [0x0000000080000000, 0x0000000100000000)
  region size 1024K, 75 young (76800K), 4 survivors (4096K)
 Metaspace       used 40486K, capacity 41392K, committed 41676K, reserved 1085440K
  class space    used 5191K, capacity 5531K, committed 5580K, reserved 1048576K
}
Event: 7.348 GC heap after
{Heap after GC invocations=11 (full 0):
 garbage-first heap   total 157696K, used 27136K [0x0000000080000000, 0x0000000100000000)
  region size 1024K, 9 young (9216K), 9 survivors (9216K)
 Metaspace       used 40486K, capacity 41392K, committed 41676K, reserved 1085440K
  class space    used 5191K, capacity 5531K, committed 5580K, reserved 1048576K
}

