# JRE version: OpenJDK Runtime Environment (11.0.10) (build 11.0.10+0-b96-7249189)
# Java VM: OpenJDK 64-Bit Server VM (11.0.10+0-b96-7249189, mixed mode, tiered, compressed oops, g1 gc, windows-amd64)
Heap:
 garbage-first heap   total 189440K, used 88325K [0x0000000080000000, 0x0000000100000000)
  region size 1024K, 11 young (11264K), 10 survivors (10240K)
 Metaspace       used 91959K, capacity 94199K, committed 94464K, reserved 1130496K
  class space    used 11857K, capacity 12689K, committed 12800K, reserved 1048576K
GC Heap History (20 events):
Event: 8.555 GC heap before
{Heap before GC invocations=9 (full 0):
 garbage-first heap   total 157696K, used 113362K [0x0000000080000000, 0x0000000100000000)
  region size 1024K, 92 young (94208K), 6 survivors (6144K)
 Metaspace       used 42469K, capacity 43413K, committed 43648K, reserved 1087488K
  class space    used 5387K, capacity 5739K, committed 5760K, reserved 1048576K
}
Event: 8.571 GC heap after
{Heap after GC invocations=10 (full 0):
 garbage-first heap   total 157696K, used 27257K [0x0000000080000000, 0x0000000100000000)
  region size 1024K, 11 young (11264K), 11 survivors (11264K)
 Metaspace       used 42469K, capacity 43413K, committed 43648K, reserved 1087488K
  class space    used 5387K, capacity 5739K, committed 5760K, reserved 1048576K
}
Event: 10.311 GC heap before
{Heap before GC invocations=10 (full 0):
 garbage-first heap   total 157696K, used 115321K [0x0000000080000000, 0x0000000100000000)
  region size 1024K, 92 young (94208K), 11 survivors (11264K)
 Metaspace       used 47152K, capacity 48267K, committed 48512K, reserved 1091584K
  class space    used 6016K, capacity 6435K, committed 6528K, reserved 1048576K
}
Event: 10.329 GC heap after
{Heap after GC invocations=11 (full 0):
 garbage-first heap   total 157696K, used 40304K [0x0000000080000000, 0x0000000100000000)
  region size 1024K, 12 young (12288K), 12 survivors (12288K)
 Metaspace       used 47152K, capacity 48267K, committed 48512K, reserved 1091584K
  class space    used 6016K, capacity 6435K, committed 6528K, reserved 1048576K
}
Event: 12.027 GC heap before
{Heap before GC invocations=11 (full 0):
 garbage-first heap   total 157696K, used 119152K [0x0000000080000000, 0x0000000100000000)
  region size 1024K, 88 young (90112K), 12 survivors (12288K)
 Metaspace       used 56567K, capacity 57965K, committed 58240K, reserved 1099776K
  class space    used 7190K, capacity 7709K, committed 7808K, reserved 1048576K
}
Event: 12.046 GC heap after
{Heap after GC invocations=12 (full 0):
 garbage-first heap   total 157696K, used 49270K [0x0000000080000000, 0x0000000100000000)
  region size 1024K, 7 young (7168K), 7 survivors (7168K)
 Metaspace       used 56567K, capacity 57965K, committed 58240K, reserved 1099776K
  class space    used 7190K, capacity 7709K, committed 7808K, reserved 1048576K
}
Event: 12.303 GC heap before
{Heap before GC invocations=12 (full 0):
 garbage-first heap   total 157696K, used 58486K [0x0000000080000000, 0x0000000100000000)
  region size 1024K, 17 young (17408K), 7 survivors (7168K)
 Metaspace       used 58568K, capacity 60087K, committed 60160K, reserved 1101824K
  class space    used 7427K, capacity 8011K, committed 8064K, reserved 1048576K
}
Event: 12.316 GC heap after
{Heap after GC invocations=13 (full 0):
 garbage-first heap   total 189440K, used 50849K [0x0000000080000000, 0x0000000100000000)
  region size 1024K, 2 young (2048K), 2 survivors (2048K)
 Metaspace       used 58568K, capacity 60087K, committed 60160K, reserved 1101824K
  class space    used 7427K, capacity 8011K, committed 8064K, reserved 1048576K
}
Event: 14.250 GC heap before
{Heap before GC invocations=14 (full 0):
 garbage-first heap   total 189440K, used 140961K [0x0000000080000000, 0x0000000100000000)
  region size 1024K, 90 young (92160K), 2 survivors (2048K)
 Metaspace       used 65576K, capacity 67218K, committed 67328K, reserved 1107968K
  class space    used 8322K, capacity 8922K, committed 8960K, reserved 1048576K
}
Event: 14.265 GC heap after
{Heap after GC invocations=15 (full 0):
 garbage-first heap   total 189440K, used 57115K [0x0000000080000000, 0x0000000100000000)
  region size 1024K, 8 young (8192K), 8 survivors (8192K)
 Metaspace       used 65576K, capacity 67218K, committed 67328K, reserved 1107968K
  class space    used 8322K, capacity 8922K, committed 8960K, reserved 1048576K
}
Event: 16.000 GC heap before
{Heap before GC invocations=16 (full 0):
 garbage-first heap   total 189440K, used 145179K [0x0000000080000000, 0x0000000100000000)
  region size 1024K, 94 young (96256K), 8 survivors (8192K)
 Metaspace       used 74233K, capacity 75873K, committed 76160K, reserved 1116160K
  class space    used 9642K, capacity 10262K, committed 10368K, reserved 1048576K
}
Event: 16.018 GC heap after
{Heap after GC invocations=17 (full 0):
 garbage-first heap   total 189440K, used 62647K [0x0000000080000000, 0x0000000100000000)
  region size 1024K, 6 young (6144K), 6 survivors (6144K)
 Metaspace       used 74233K, capacity 75873K, committed 76160K, reserved 1116160K
  class space    used 9642K, capacity 10262K, committed 10368K, reserved 1048576K
}
Event: 17.775 GC heap before
{Heap before GC invocations=17 (full 0):
 garbage-first heap   total 189440K, used 147639K [0x0000000080000000, 0x0000000100000000)
  region size 1024K, 89 young (91136K), 6 survivors (6144K)
 Metaspace       used 81593K, capacity 83510K, committed 83584K, reserved 1122304K
  class space    used 10656K, capacity 11372K, committed 11392K, reserved 1048576K
}
Event: 17.791 GC heap after
{Heap after GC invocations=18 (full 0):
 garbage-first heap   total 189440K, used 68414K [0x0000000080000000, 0x0000000100000000)
  region size 1024K, 12 young (12288K), 12 survivors (12288K)
 Metaspace       used 81593K, capacity 83510K, committed 83584K, reserved 1122304K
  class space    used 10656K, capacity 11372K, committed 11392K, reserved 1048576K
}
Event: 19.453 GC heap before
{Heap before GC invocations=18 (full 0):
 garbage-first heap   total 189440K, used 149310K [0x0000000080000000, 0x0000000100000000)
  region size 1024K, 92 young (94208K), 12 survivors (12288K)
 Metaspace       used 82949K, capacity 84986K, committed 85120K, reserved 1122304K
  class space    used 10769K, capacity 11536K, committed 11648K, reserved 1048576K
}
Event: 19.482 GC heap after
{Heap after GC invocations=19 (full 0):
 garbage-first heap   total 189440K, used 73875K [0x0000000080000000, 0x0000000100000000)
  region size 1024K, 12 young (12288K), 12 survivors (12288K)
 Metaspace       used 82949K, capacity 84986K, committed 85120K, reserved 1122304K
  class space    used 10769K, capacity 11536K, committed 11648K, reserved 1048576K
}
Event: 20.717 GC heap before
{Heap before GC invocations=19 (full 0):
 garbage-first heap   total 189440K, used 150675K [0x0000000080000000, 0x0000000100000000)
  region size 1024K, 88 young (90112K), 12 survivors (12288K)
 Metaspace       used 86500K, capacity 88511K, committed 88576K, reserved 1126400K
  class space    used 11236K, capacity 11994K, committed 12032K, reserved 1048576K
}
Event: 20.736 GC heap after
{Heap after GC invocations=20 (full 0):
 garbage-first heap   total 189440K, used 77428K [0x0000000080000000, 0x0000000100000000)
  region size 1024K, 9 young (9216K), 9 survivors (9216K)
 Metaspace       used 86500K, capacity 88511K, committed 88576K, reserved 1126400K
  class space    used 11236K, capacity 11994K, committed 12032K, reserved 1048576K
}
Event: 22.367 GC heap before
{Heap before GC invocations=20 (full 0):
 garbage-first heap   total 189440K, used 154228K [0x0000000080000000, 0x0000000100000000)
  region size 1024K, 85 young (87040K), 9 survivors (9216K)
 Metaspace       used 90409K, capacity 92594K, committed 92800K, reserved 1130496K
  class space    used 11755K, capacity 12577K, committed 12672K, reserved 1048576K
}
Event: 22.385 GC heap after
{Heap after GC invocations=21 (full 0):
 garbage-first heap   total 189440K, used 82030K [0x0000000080000000, 0x0000000100000000)
  region size 1024K, 8 young (8192K), 8 survivors (8192K)
 Metaspace       used 90409K, capacity 92594K, committed 92800K, reserved 1130496K
  class space    used 11755K, capacity 12577K, committed 12672K, reserved 1048576K
}

