# JRE version: OpenJDK Runtime Environment (11.0.10) (build 11.0.10+0-b96-7249189)
# Java VM: OpenJDK 64-Bit Server VM (11.0.10+0-b96-7249189, mixed mode, tiered, compressed oops, g1 gc, windows-amd64)
Heap:
 garbage-first heap   total 241664K, used 130048K [0x0000000080000000, 0x0000000100000000)
  region size 1024K, 41 young (41984K), 1 survivors (1024K)
 Metaspace       used 107847K, capacity 110171K, committed 110720K, reserved 1146880K
  class space    used 13153K, capacity 14013K, committed 14208K, reserved 1048576K
GC Heap History (20 events):
Event: 355.829 GC heap before
{Heap before GC invocations=69 (full 0):
 garbage-first heap   total 241664K, used 120239K [0x0000000080000000, 0x0000000100000000)
  region size 1024K, 9 young (9216K), 1 survivors (1024K)
 Metaspace       used 106155K, capacity 108732K, committed 109056K, reserved 1144832K
  class space    used 13045K, capacity 14008K, committed 14080K, reserved 1048576K
}
Event: 355.846 GC heap after
{Heap after GC invocations=70 (full 0):
 garbage-first heap   total 241664K, used 117813K [0x0000000080000000, 0x0000000100000000)
  region size 1024K, 6 young (6144K), 6 survivors (6144K)
 Metaspace       used 106155K, capacity 108732K, committed 109056K, reserved 1144832K
  class space    used 13045K, capacity 14008K, committed 14080K, reserved 1048576K
}
Event: 358.290 GC heap before
{Heap before GC invocations=71 (full 0):
 garbage-first heap   total 241664K, used 192565K [0x0000000080000000, 0x0000000100000000)
  region size 1024K, 65 young (66560K), 6 survivors (6144K)
 Metaspace       used 106201K, capacity 108747K, committed 109056K, reserved 1144832K
  class space    used 13046K, capacity 14010K, committed 14080K, reserved 1048576K
}
Event: 358.298 GC heap after
{Heap after GC invocations=72 (full 0):
 garbage-first heap   total 241664K, used 117048K [0x0000000080000000, 0x0000000100000000)
  region size 1024K, 4 young (4096K), 4 survivors (4096K)
 Metaspace       used 106201K, capacity 108747K, committed 109056K, reserved 1144832K
  class space    used 13046K, capacity 14010K, committed 14080K, reserved 1048576K
}
Event: 358.321 GC heap before
{Heap before GC invocations=72 (full 0):
 garbage-first heap   total 241664K, used 123192K [0x0000000080000000, 0x0000000100000000)
  region size 1024K, 11 young (11264K), 4 survivors (4096K)
 Metaspace       used 106202K, capacity 108748K, committed 109056K, reserved 1144832K
  class space    used 13046K, capacity 14010K, committed 14080K, reserved 1048576K
}
Event: 358.329 GC heap after
{Heap after GC invocations=73 (full 0):
 garbage-first heap   total 241664K, used 116674K [0x0000000080000000, 0x0000000100000000)
  region size 1024K, 2 young (2048K), 2 survivors (2048K)
 Metaspace       used 106202K, capacity 108748K, committed 109056K, reserved 1144832K
  class space    used 13046K, capacity 14010K, committed 14080K, reserved 1048576K
}
Event: 358.801 GC heap before
{Heap before GC invocations=73 (full 0):
 garbage-first heap   total 241664K, used 168898K [0x0000000080000000, 0x0000000100000000)
  region size 1024K, 54 young (55296K), 2 survivors (2048K)
 Metaspace       used 106267K, capacity 108764K, committed 109056K, reserved 1144832K
  class space    used 13047K, capacity 14012K, committed 14080K, reserved 1048576K
}
Event: 358.808 GC heap after
{Heap after GC invocations=74 (full 0):
 garbage-first heap   total 241664K, used 118546K [0x0000000080000000, 0x0000000100000000)
  region size 1024K, 4 young (4096K), 4 survivors (4096K)
 Metaspace       used 106267K, capacity 108764K, committed 109056K, reserved 1144832K
  class space    used 13047K, capacity 14012K, committed 14080K, reserved 1048576K
}
Event: 2720.193 GC heap before
{Heap before GC invocations=75 (full 0):
 garbage-first heap   total 241664K, used 215826K [0x0000000080000000, 0x0000000100000000)
  region size 1024K, 66 young (67584K), 4 survivors (4096K)
 Metaspace       used 106487K, capacity 109094K, committed 109312K, reserved 1144832K
  class space    used 13048K, capacity 14013K, committed 14080K, reserved 1048576K
}
Event: 2720.272 GC heap after
{Heap after GC invocations=76 (full 0):
 garbage-first heap   total 241664K, used 106434K [0x0000000080000000, 0x0000000100000000)
  region size 1024K, 3 young (3072K), 3 survivors (3072K)
 Metaspace       used 106487K, capacity 109094K, committed 109312K, reserved 1144832K
  class space    used 13048K, capacity 14013K, committed 14080K, reserved 1048576K
}
Event: 2720.432 GC heap before
{Heap before GC invocations=76 (full 0):
 garbage-first heap   total 241664K, used 113602K [0x0000000080000000, 0x0000000100000000)
  region size 1024K, 11 young (11264K), 3 survivors (3072K)
 Metaspace       used 106489K, capacity 109094K, committed 109312K, reserved 1144832K
  class space    used 13048K, capacity 14013K, committed 14080K, reserved 1048576K
}
Event: 2720.502 GC heap after
{Heap after GC invocations=77 (full 0):
 garbage-first heap   total 241664K, used 99330K [0x0000000080000000, 0x0000000100000000)
  region size 1024K, 1 young (1024K), 1 survivors (1024K)
 Metaspace       used 106489K, capacity 109094K, committed 109312K, reserved 1144832K
  class space    used 13048K, capacity 14013K, committed 14080K, reserved 1048576K
}
Event: 2721.687 GC heap before
{Heap before GC invocations=77 (full 0):
 garbage-first heap   total 241664K, used 129026K [0x0000000080000000, 0x0000000100000000)
  region size 1024K, 31 young (31744K), 1 survivors (1024K)
 Metaspace       used 106638K, capacity 109232K, committed 109312K, reserved 1144832K
  class space    used 13054K, capacity 14015K, committed 14080K, reserved 1048576K
}
Event: 2721.727 GC heap after
{Heap after GC invocations=78 (full 0):
 garbage-first heap   total 241664K, used 102921K [0x0000000080000000, 0x0000000100000000)
  region size 1024K, 5 young (5120K), 5 survivors (5120K)
 Metaspace       used 106638K, capacity 109232K, committed 109312K, reserved 1144832K
  class space    used 13054K, capacity 14015K, committed 14080K, reserved 1048576K
}
Event: 2724.794 GC heap before
{Heap before GC invocations=79 (full 0):
 garbage-first heap   total 241664K, used 188937K [0x0000000080000000, 0x0000000100000000)
  region size 1024K, 73 young (74752K), 5 survivors (5120K)
 Metaspace       used 106379K, capacity 108715K, committed 109568K, reserved 1144832K
  class space    used 12959K, capacity 13832K, committed 14080K, reserved 1048576K
}
Event: 2724.832 GC heap after
{Heap after GC invocations=80 (full 0):
 garbage-first heap   total 241664K, used 108726K [0x0000000080000000, 0x0000000100000000)
  region size 1024K, 10 young (10240K), 10 survivors (10240K)
 Metaspace       used 106379K, capacity 108715K, committed 109568K, reserved 1144832K
  class space    used 12959K, capacity 13832K, committed 14080K, reserved 1048576K
}
Event: 2724.837 GC heap before
{Heap before GC invocations=80 (full 0):
 garbage-first heap   total 241664K, used 109750K [0x0000000080000000, 0x0000000100000000)
  region size 1024K, 11 young (11264K), 10 survivors (10240K)
 Metaspace       used 106379K, capacity 108715K, committed 109568K, reserved 1144832K
  class space    used 12959K, capacity 13832K, committed 14080K, reserved 1048576K
}
Event: 2724.928 GC heap after
{Heap after GC invocations=81 (full 0):
 garbage-first heap   total 241664K, used 91272K [0x0000000080000000, 0x0000000100000000)
  region size 1024K, 1 young (1024K), 1 survivors (1024K)
 Metaspace       used 106379K, capacity 108715K, committed 109568K, reserved 1144832K
  class space    used 12959K, capacity 13832K, committed 14080K, reserved 1048576K
}
Event: 2725.007 GC heap before
{Heap before GC invocations=81 (full 0):
 garbage-first heap   total 241664K, used 100488K [0x0000000080000000, 0x0000000100000000)
  region size 1024K, 11 young (11264K), 1 survivors (1024K)
 Metaspace       used 106379K, capacity 108715K, committed 109568K, reserved 1144832K
  class space    used 12959K, capacity 13832K, committed 14080K, reserved 1048576K
}
Event: 2725.021 GC heap after
{Heap after GC invocations=82 (full 0):
 garbage-first heap   total 241664K, used 91136K [0x0000000080000000, 0x0000000100000000)
  region size 1024K, 1 young (1024K), 1 survivors (1024K)
 Metaspace       used 106379K, capacity 108715K, committed 109568K, reserved 1144832K
  class space    used 12959K, capacity 13832K, committed 14080K, reserved 1048576K
}

